  [1m[35m (29.0ms)[0m  [1m[35mCREATE TABLE `schema_migrations` (`version` varchar(255) PRIMARY KEY) ENGINE=InnoDB[0m
  [1m[35m (42.3ms)[0m  [1m[35mCREATE TABLE `ar_internal_metadata` (`key` varchar(255) PRIMARY KEY, `value` varchar(255), `created_at` datetime NOT NULL, `updated_at` datetime NOT NULL) ENGINE=InnoDB[0m
  [1m[35m (13.4ms)[0m  [1m[34mSELECT DATABASE() as db[0m
  [1m[35m (14.0ms)[0m  [1m[34mSELECT GET_LOCK('2095125595784924745', 0);[0m
  [1m[36mActiveRecord::SchemaMigration Load (12.6ms)[0m  [1m[34mSELECT `schema_migrations`.* FROM `schema_migrations`[0m
Migrating to CreateUsers (20170515151039)
  [1m[35m (29.1ms)[0m  [1m[35mCREATE TABLE `users` (`id` int AUTO_INCREMENT PRIMARY KEY, `email` varchar(255), `password` varchar(255), `created_at` datetime NOT NULL, `updated_at` datetime NOT NULL) ENGINE=InnoDB[0m
  [1m[35m (10.0ms)[0m  [1m[35mBEGIN[0m
  [1m[35mSQL (10.6ms)[0m  [1m[32mINSERT INTO `schema_migrations` (`version`) VALUES ('20170515151039')[0m
  [1m[35m (16.7ms)[0m  [1m[35mCOMMIT[0m
Migrating to CreateTodos (20170515151238)
  [1m[35m (23.2ms)[0m  [1m[35mCREATE TABLE `todos` (`id` int AUTO_INCREMENT PRIMARY KEY, `name` varchar(255), `user_id_id` int, `created_at` datetime NOT NULL, `updated_at` datetime NOT NULL,  INDEX `index_todos_on_user_id_id`  (`user_id_id`), CONSTRAINT `fk_rails_b6bbb86954`
FOREIGN KEY (`user_id_id`)
  REFERENCES `user_ids` (`id`)
) ENGINE=InnoDB[0m
  [1m[35m (11.1ms)[0m  [1m[34mSELECT RELEASE_LOCK('2095125595784924745')[0m
  [1m[35m (9.0ms)[0m  [1m[34mSELECT DATABASE() as db[0m
  [1m[35m (7.9ms)[0m  [1m[34mSELECT GET_LOCK('2095125595784924745', 0);[0m
  [1m[36mActiveRecord::SchemaMigration Load (8.5ms)[0m  [1m[34mSELECT `schema_migrations`.* FROM `schema_migrations`[0m
Migrating to CreateTodos (20170515151238)
  [1m[35m (37.3ms)[0m  [1m[35mCREATE TABLE `todos` (`id` int AUTO_INCREMENT PRIMARY KEY, `name` varchar(255), `user_id` int, `created_at` datetime NOT NULL, `updated_at` datetime NOT NULL,  INDEX `index_todos_on_user_id`  (`user_id`), CONSTRAINT `fk_rails_d94154aa95`
FOREIGN KEY (`user_id`)
  REFERENCES `users` (`id`)
) ENGINE=InnoDB[0m
  [1m[35m (7.8ms)[0m  [1m[35mBEGIN[0m
  [1m[35mSQL (10.3ms)[0m  [1m[32mINSERT INTO `schema_migrations` (`version`) VALUES ('20170515151238')[0m
  [1m[35m (14.2ms)[0m  [1m[35mCOMMIT[0m
Migrating to CreateProjects (20170515151308)
  [1m[35m (26.1ms)[0m  [1m[35mCREATE TABLE `projects` (`id` int AUTO_INCREMENT PRIMARY KEY, `name` varchar(255), `user_id_id` int, `created_at` datetime NOT NULL, `updated_at` datetime NOT NULL,  INDEX `index_projects_on_user_id_id`  (`user_id_id`), CONSTRAINT `fk_rails_721339fa7e`
FOREIGN KEY (`user_id_id`)
  REFERENCES `user_ids` (`id`)
) ENGINE=InnoDB[0m
  [1m[35m (8.1ms)[0m  [1m[34mSELECT RELEASE_LOCK('2095125595784924745')[0m
  [1m[35m (8.3ms)[0m  [1m[34mSELECT DATABASE() as db[0m
  [1m[35m (8.4ms)[0m  [1m[34mSELECT GET_LOCK('2095125595784924745', 0);[0m
  [1m[36mActiveRecord::SchemaMigration Load (8.3ms)[0m  [1m[34mSELECT `schema_migrations`.* FROM `schema_migrations`[0m
Migrating to CreateProjects (20170515151308)
  [1m[35m (29.8ms)[0m  [1m[35mCREATE TABLE `projects` (`id` int AUTO_INCREMENT PRIMARY KEY, `name` varchar(255), `user_id` int, `created_at` datetime NOT NULL, `updated_at` datetime NOT NULL,  INDEX `index_projects_on_user_id`  (`user_id`), CONSTRAINT `fk_rails_b872a6760a`
FOREIGN KEY (`user_id`)
  REFERENCES `users` (`id`)
) ENGINE=InnoDB[0m
  [1m[35m (7.5ms)[0m  [1m[35mBEGIN[0m
  [1m[35mSQL (8.6ms)[0m  [1m[32mINSERT INTO `schema_migrations` (`version`) VALUES ('20170515151308')[0m
  [1m[35m (15.6ms)[0m  [1m[35mCOMMIT[0m
Migrating to CreateItems (20170515151509)
  [1m[35m (32.8ms)[0m  [1m[35mCREATE TABLE `items` (`id` int AUTO_INCREMENT PRIMARY KEY, `name` varchar(255), `done` tinyint(1), `urgency` int, `importance` int, `deadline` date, `est_time_completion` int, `time_to_completion` int, `project_id` int, `todo_id` int, `created_at` datetime NOT NULL, `updated_at` datetime NOT NULL,  INDEX `index_items_on_project_id`  (`project_id`),  INDEX `index_items_on_todo_id`  (`todo_id`), CONSTRAINT `fk_rails_f6abf55b81`
FOREIGN KEY (`project_id`)
  REFERENCES `projects` (`id`)
, CONSTRAINT `fk_rails_c01e6b449d`
FOREIGN KEY (`todo_id`)
  REFERENCES `todos` (`id`)
) ENGINE=InnoDB[0m
  [1m[35m (7.9ms)[0m  [1m[35mBEGIN[0m
  [1m[35mSQL (10.3ms)[0m  [1m[32mINSERT INTO `schema_migrations` (`version`) VALUES ('20170515151509')[0m
  [1m[35m (12.5ms)[0m  [1m[35mCOMMIT[0m
  [1m[36mActiveRecord::InternalMetadata Load (8.5ms)[0m  [1m[34mSELECT  `ar_internal_metadata`.* FROM `ar_internal_metadata` WHERE `ar_internal_metadata`.`key` = 'environment' LIMIT 1[0m
  [1m[35m (13.2ms)[0m  [1m[35mBEGIN[0m
  [1m[35mSQL (8.8ms)[0m  [1m[32mINSERT INTO `ar_internal_metadata` (`key`, `value`, `created_at`, `updated_at`) VALUES ('environment', 'development', '2017-05-15 16:36:09', '2017-05-15 16:36:09')[0m
  [1m[35m (12.5ms)[0m  [1m[35mCOMMIT[0m
  [1m[35m (8.4ms)[0m  [1m[34mSELECT RELEASE_LOCK('2095125595784924745')[0m
  [1m[36mActiveRecord::SchemaMigration Load (8.4ms)[0m  [1m[34mSELECT `schema_migrations`.* FROM `schema_migrations`[0m
  [1m[35m (8.0ms)[0m  [1m[35mSHOW CREATE TABLE `items`[0m
  [1m[35m (9.2ms)[0m  [1m[35mSHOW TABLE STATUS LIKE 'items'[0m
  [1m[35m (7.8ms)[0m  [1m[35mSHOW CREATE TABLE `projects`[0m
  [1m[35m (8.2ms)[0m  [1m[35mSHOW TABLE STATUS LIKE 'projects'[0m
  [1m[35m (8.1ms)[0m  [1m[35mSHOW CREATE TABLE `todos`[0m
  [1m[35m (8.7ms)[0m  [1m[35mSHOW TABLE STATUS LIKE 'todos'[0m
  [1m[35m (8.7ms)[0m  [1m[35mSHOW CREATE TABLE `users`[0m
  [1m[35m (9.0ms)[0m  [1m[35mSHOW TABLE STATUS LIKE 'users'[0m
Started POST "/todos" for 127.0.0.1 at 2017-05-21 14:57:52 +0200
  [1m[36mActiveRecord::SchemaMigration Load (28.8ms)[0m  [1m[34mSELECT `schema_migrations`.* FROM `schema_migrations`[0m
Processing by TodosController#create as */*
  Parameters: {"name"=>"Rians", "description"=>"Great goat dairy", "type"=>"Manufacturer", "country"=>"France", "products"=>"yogurt", "brands"=>"rians", "moq_order"=>"300", "delivery_time"=>"30"}
Unpermitted parameters: description, type, country, products, brands, moq_order, delivery_time
  [1m[35m (29.0ms)[0m  [1m[35mBEGIN[0m
  [1m[35mSQL (48.1ms)[0m  [1m[32mINSERT INTO `todos` (`name`, `created_at`, `updated_at`) VALUES ('Rians', '2017-05-21 12:57:53', '2017-05-21 12:57:53')[0m
  [1m[35m (48.7ms)[0m  [1m[35mCOMMIT[0m
Completed 201 Created in 306ms (Views: 0.9ms | ActiveRecord: 260.5ms)


Started DELETE "/todos/1" for 127.0.0.1 at 2017-05-21 14:58:56 +0200
Processing by TodosController#destroy as */*
  Parameters: {"name"=>"Rians", "description"=>"Great goat dairy", "type"=>"Manufacturer", "country"=>"France", "products"=>"yogurt", "brands"=>"rians", "moq_order"=>"300", "delivery_time"=>"30", "id"=>"1"}
  [1m[36mTodo Load (33.1ms)[0m  [1m[34mSELECT  `todos`.* FROM `todos` WHERE `todos`.`id` = 1 LIMIT 1[0m
  [1m[35m (35.2ms)[0m  [1m[35mBEGIN[0m
  [1m[36mItem Load (35.2ms)[0m  [1m[34mSELECT `items`.* FROM `items` WHERE `items`.`todo_id` = 1[0m
  [1m[35mSQL (32.1ms)[0m  [1m[31mDELETE FROM `todos` WHERE `todos`.`id` = 1[0m
  [1m[35m (37.5ms)[0m  [1m[35mCOMMIT[0m
Completed 204 No Content in 251ms (ActiveRecord: 207.8ms)


Started GET "/todos/" for 127.0.0.1 at 2017-05-21 14:59:07 +0200
Processing by TodosController#index as */*
  [1m[36mTodo Load (32.3ms)[0m  [1m[34mSELECT `todos`.* FROM `todos`[0m
Completed 200 OK in 35ms (Views: 1.0ms | ActiveRecord: 32.3ms)


Started POST "/todos/" for 127.0.0.1 at 2017-05-21 14:59:50 +0200
Processing by TodosController#create as */*
  Parameters: {"name"=>"Lorem ipsum"}
  [1m[35m (28.3ms)[0m  [1m[35mBEGIN[0m
  [1m[35mSQL (33.9ms)[0m  [1m[32mINSERT INTO `todos` (`name`, `created_at`, `updated_at`) VALUES ('Lorem ipsum', '2017-05-21 12:59:50', '2017-05-21 12:59:50')[0m
  [1m[35m (40.4ms)[0m  [1m[35mCOMMIT[0m
Completed 201 Created in 108ms (Views: 0.6ms | ActiveRecord: 102.6ms)


Started PATCH "/todos/2" for 127.0.0.1 at 2017-05-21 15:00:14 +0200
Processing by TodosController#update as */*
  Parameters: {"name"=>"Lorem", "id"=>"2"}
  [1m[36mTodo Load (29.1ms)[0m  [1m[34mSELECT  `todos`.* FROM `todos` WHERE `todos`.`id` = 2 LIMIT 1[0m
Unpermitted parameter: id
  [1m[35m (35.3ms)[0m  [1m[35mBEGIN[0m
  [1m[35mSQL (29.0ms)[0m  [1m[33mUPDATE `todos` SET `name` = 'Lorem', `updated_at` = '2017-05-21 13:00:15' WHERE `todos`.`id` = 2[0m
  [1m[35m (32.1ms)[0m  [1m[35mCOMMIT[0m
Completed 204 No Content in 133ms (ActiveRecord: 125.5ms)


Started GET "/todos/" for 127.0.0.1 at 2017-05-21 15:00:23 +0200
Processing by TodosController#index as */*
  [1m[36mTodo Load (32.5ms)[0m  [1m[34mSELECT `todos`.* FROM `todos`[0m
Completed 200 OK in 34ms (Views: 1.3ms | ActiveRecord: 32.5ms)


Started PUT "/todos/2" for 127.0.0.1 at 2017-05-21 15:03:19 +0200
Processing by TodosController#update as */*
  Parameters: {"name"=>"Ekimetrics", "id"=>"2"}
  [1m[36mTodo Load (36.7ms)[0m  [1m[34mSELECT  `todos`.* FROM `todos` WHERE `todos`.`id` = 2 LIMIT 1[0m
Unpermitted parameter: id
  [1m[35m (29.6ms)[0m  [1m[35mBEGIN[0m
  [1m[35mSQL (28.7ms)[0m  [1m[33mUPDATE `todos` SET `name` = 'Ekimetrics', `updated_at` = '2017-05-21 13:03:19' WHERE `todos`.`id` = 2[0m
  [1m[35m (33.9ms)[0m  [1m[35mCOMMIT[0m
Completed 500 Internal Server Error in 150ms (ActiveRecord: 128.8ms)


  
AbstractController::DoubleRenderError (Render and/or redirect were called multiple times in this action. Please note that you may only call render OR redirect, and at most once per action. Also note that neither redirect nor render terminate execution of the action, so if you want to exit an action after redirecting, you need to do something like "redirect_to(...) and return".):
  
app/controllers/concerns/response.rb:3:in `json_response'
app/controllers/todos_controller.rb:25:in `update'
  Rendering /usr/local/opt/rbenv/versions/2.3.1/lib/ruby/gems/2.3.0/gems/actionpack-5.0.3/lib/action_dispatch/middleware/templates/rescues/diagnostics.html.erb within rescues/layout
  Rendering /usr/local/opt/rbenv/versions/2.3.1/lib/ruby/gems/2.3.0/gems/actionpack-5.0.3/lib/action_dispatch/middleware/templates/rescues/_source.html.erb
  Rendered /usr/local/opt/rbenv/versions/2.3.1/lib/ruby/gems/2.3.0/gems/actionpack-5.0.3/lib/action_dispatch/middleware/templates/rescues/_source.html.erb (6.0ms)
  Rendering /usr/local/opt/rbenv/versions/2.3.1/lib/ruby/gems/2.3.0/gems/actionpack-5.0.3/lib/action_dispatch/middleware/templates/rescues/_trace.html.erb
  Rendered /usr/local/opt/rbenv/versions/2.3.1/lib/ruby/gems/2.3.0/gems/actionpack-5.0.3/lib/action_dispatch/middleware/templates/rescues/_trace.html.erb (3.4ms)
  Rendering /usr/local/opt/rbenv/versions/2.3.1/lib/ruby/gems/2.3.0/gems/actionpack-5.0.3/lib/action_dispatch/middleware/templates/rescues/_request_and_response.html.erb
  Rendered /usr/local/opt/rbenv/versions/2.3.1/lib/ruby/gems/2.3.0/gems/actionpack-5.0.3/lib/action_dispatch/middleware/templates/rescues/_request_and_response.html.erb (1.6ms)
  Rendered /usr/local/opt/rbenv/versions/2.3.1/lib/ruby/gems/2.3.0/gems/actionpack-5.0.3/lib/action_dispatch/middleware/templates/rescues/diagnostics.html.erb within rescues/layout (247.2ms)
Started GET "/todos/" for 127.0.0.1 at 2017-05-21 15:03:35 +0200
Processing by TodosController#index as */*
  [1m[36mTodo Load (30.8ms)[0m  [1m[34mSELECT `todos`.* FROM `todos`[0m
Completed 200 OK in 33ms (Views: 1.7ms | ActiveRecord: 30.8ms)


Started PUT "/todos/2" for 127.0.0.1 at 2017-05-21 15:04:00 +0200
Processing by TodosController#update as */*
  Parameters: {"name"=>"Ekims", "id"=>"2"}
  [1m[36mTodo Load (30.7ms)[0m  [1m[34mSELECT  `todos`.* FROM `todos` WHERE `todos`.`id` = 2 LIMIT 1[0m
Unpermitted parameter: id
  [1m[35m (28.4ms)[0m  [1m[35mBEGIN[0m
  [1m[35mSQL (29.6ms)[0m  [1m[33mUPDATE `todos` SET `name` = 'Ekims', `updated_at` = '2017-05-21 13:04:00' WHERE `todos`.`id` = 2[0m
  [1m[35m (34.9ms)[0m  [1m[35mCOMMIT[0m
Completed 500 Internal Server Error in 242ms (ActiveRecord: 217.6ms)


  
AbstractController::DoubleRenderError (Render and/or redirect were called multiple times in this action. Please note that you may only call render OR redirect, and at most once per action. Also note that neither redirect nor render terminate execution of the action, so if you want to exit an action after redirecting, you need to do something like "redirect_to(...) and return".):
  
app/controllers/concerns/response.rb:3:in `json_response'
app/controllers/todos_controller.rb:25:in `update'
  Rendering /usr/local/opt/rbenv/versions/2.3.1/lib/ruby/gems/2.3.0/gems/actionpack-5.0.3/lib/action_dispatch/middleware/templates/rescues/diagnostics.html.erb within rescues/layout
  Rendering /usr/local/opt/rbenv/versions/2.3.1/lib/ruby/gems/2.3.0/gems/actionpack-5.0.3/lib/action_dispatch/middleware/templates/rescues/_source.html.erb
  Rendered /usr/local/opt/rbenv/versions/2.3.1/lib/ruby/gems/2.3.0/gems/actionpack-5.0.3/lib/action_dispatch/middleware/templates/rescues/_source.html.erb (5.3ms)
  Rendering /usr/local/opt/rbenv/versions/2.3.1/lib/ruby/gems/2.3.0/gems/actionpack-5.0.3/lib/action_dispatch/middleware/templates/rescues/_trace.html.erb
  Rendered /usr/local/opt/rbenv/versions/2.3.1/lib/ruby/gems/2.3.0/gems/actionpack-5.0.3/lib/action_dispatch/middleware/templates/rescues/_trace.html.erb (2.7ms)
  Rendering /usr/local/opt/rbenv/versions/2.3.1/lib/ruby/gems/2.3.0/gems/actionpack-5.0.3/lib/action_dispatch/middleware/templates/rescues/_request_and_response.html.erb
  Rendered /usr/local/opt/rbenv/versions/2.3.1/lib/ruby/gems/2.3.0/gems/actionpack-5.0.3/lib/action_dispatch/middleware/templates/rescues/_request_and_response.html.erb (1.3ms)
  Rendered /usr/local/opt/rbenv/versions/2.3.1/lib/ruby/gems/2.3.0/gems/actionpack-5.0.3/lib/action_dispatch/middleware/templates/rescues/diagnostics.html.erb within rescues/layout (207.1ms)
Started PUT "/todos/2" for 127.0.0.1 at 2017-05-21 15:04:55 +0200
Processing by TodosController#update as */*
  Parameters: {"name"=>"Eki", "id"=>"2"}
  [1m[36mTodo Load (28.4ms)[0m  [1m[34mSELECT  `todos`.* FROM `todos` WHERE `todos`.`id` = 2 LIMIT 1[0m
Unpermitted parameter: id
  [1m[35m (29.4ms)[0m  [1m[35mBEGIN[0m
  [1m[35mSQL (29.3ms)[0m  [1m[33mUPDATE `todos` SET `name` = 'Eki', `updated_at` = '2017-05-21 13:04:55' WHERE `todos`.`id` = 2[0m
  [1m[35m (33.9ms)[0m  [1m[35mCOMMIT[0m
Completed 204 No Content in 140ms (ActiveRecord: 121.0ms)


Started PUT "/todos/2" for 127.0.0.1 at 2017-05-21 15:05:06 +0200
Processing by TodosController#update as */*
  Parameters: {"name"=>"Ekimet", "id"=>"2"}
  [1m[36mTodo Load (502.6ms)[0m  [1m[34mSELECT  `todos`.* FROM `todos` WHERE `todos`.`id` = 2 LIMIT 1[0m
Unpermitted parameter: id
  [1m[35m (29.5ms)[0m  [1m[35mBEGIN[0m
  [1m[35mSQL (30.9ms)[0m  [1m[33mUPDATE `todos` SET `name` = 'Ekimet', `updated_at` = '2017-05-21 13:05:07' WHERE `todos`.`id` = 2[0m
  [1m[35m (31.4ms)[0m  [1m[35mCOMMIT[0m
Completed 204 No Content in 601ms (ActiveRecord: 594.4ms)


Started PUT "/todos/2" for 127.0.0.1 at 2017-05-21 15:06:07 +0200
Processing by TodosController#update as */*
  Parameters: {"name"=>"Ekimettrics", "id"=>"2"}
  [1m[36mTodo Load (31.4ms)[0m  [1m[34mSELECT  `todos`.* FROM `todos` WHERE `todos`.`id` = 2 LIMIT 1[0m
Unpermitted parameter: id
  [1m[35m (27.7ms)[0m  [1m[35mBEGIN[0m
  [1m[35mSQL (30.6ms)[0m  [1m[33mUPDATE `todos` SET `name` = 'Ekimettrics', `updated_at` = '2017-05-21 13:06:08' WHERE `todos`.`id` = 2[0m
  [1m[35m (34.0ms)[0m  [1m[35mCOMMIT[0m
Completed 200 OK in 239ms (ActiveRecord: 216.3ms)


Started PUT "/todos/2" for 127.0.0.1 at 2017-05-21 15:06:38 +0200
Processing by TodosController#update as */*
  Parameters: {"name"=>"imetrics", "id"=>"2"}
  [1m[36mTodo Load (30.5ms)[0m  [1m[34mSELECT  `todos`.* FROM `todos` WHERE `todos`.`id` = 2 LIMIT 1[0m
Unpermitted parameter: id
  [1m[35m (30.3ms)[0m  [1m[35mBEGIN[0m
  [1m[35mSQL (31.5ms)[0m  [1m[33mUPDATE `todos` SET `name` = 'imetrics', `updated_at` = '2017-05-21 13:06:38' WHERE `todos`.`id` = 2[0m
  [1m[35m (35.8ms)[0m  [1m[35mCOMMIT[0m
Completed 204 No Content in 151ms (ActiveRecord: 128.0ms)


Started PATCH "/todos/2" for 127.0.0.1 at 2017-05-21 15:06:59 +0200
Processing by TodosController#update as */*
  Parameters: {"name"=>"imetrics", "id"=>"2"}
  [1m[36mTodo Load (30.3ms)[0m  [1m[34mSELECT  `todos`.* FROM `todos` WHERE `todos`.`id` = 2 LIMIT 1[0m
Unpermitted parameter: id
  [1m[35m (29.9ms)[0m  [1m[35mBEGIN[0m
  [1m[35m (35.4ms)[0m  [1m[35mCOMMIT[0m
Completed 204 No Content in 100ms (ActiveRecord: 95.7ms)


Started GET "/todos/2" for 127.0.0.1 at 2017-05-21 15:07:18 +0200
Processing by TodosController#show as */*
  Parameters: {"id"=>"2"}
  [1m[36mTodo Load (30.1ms)[0m  [1m[34mSELECT  `todos`.* FROM `todos` WHERE `todos`.`id` = 2 LIMIT 1[0m
Completed 200 OK in 32ms (Views: 0.7ms | ActiveRecord: 30.1ms)


Started GET "/todos/" for 127.0.0.1 at 2017-05-21 15:07:23 +0200
Processing by TodosController#index as */*
  [1m[36mTodo Load (47.4ms)[0m  [1m[34mSELECT `todos`.* FROM `todos`[0m
Completed 200 OK in 50ms (Views: 1.7ms | ActiveRecord: 47.4ms)


Started POST "/todos/" for 127.0.0.1 at 2017-05-21 15:07:42 +0200
Processing by TodosController#create as */*
  Parameters: {"name"=>"maison"}
  [1m[35m (31.0ms)[0m  [1m[35mBEGIN[0m
  [1m[35mSQL (36.9ms)[0m  [1m[32mINSERT INTO `todos` (`name`, `created_at`, `updated_at`) VALUES ('maison', '2017-05-21 13:07:42', '2017-05-21 13:07:42')[0m
  [1m[35m (38.9ms)[0m  [1m[35mCOMMIT[0m
Completed 201 Created in 111ms (Views: 0.7ms | ActiveRecord: 106.8ms)


Started GET "/todos/" for 127.0.0.1 at 2017-05-21 15:07:49 +0200
Processing by TodosController#index as */*
  [1m[36mTodo Load (39.1ms)[0m  [1m[34mSELECT `todos`.* FROM `todos`[0m
Completed 200 OK in 41ms (Views: 1.8ms | ActiveRecord: 39.1ms)


Started PUT "/todos/2" for 127.0.0.1 at 2017-05-21 15:08:30 +0200
Processing by TodosController#update as */*
  Parameters: {"name"=>"maison", "user_id"=>"1", "id"=>"2"}
  [1m[36mTodo Load (29.3ms)[0m  [1m[34mSELECT  `todos`.* FROM `todos` WHERE `todos`.`id` = 2 LIMIT 1[0m
Unpermitted parameters: user_id, id
  [1m[35m (29.4ms)[0m  [1m[35mBEGIN[0m
  [1m[35mSQL (29.3ms)[0m  [1m[33mUPDATE `todos` SET `name` = 'maison', `updated_at` = '2017-05-21 13:08:30' WHERE `todos`.`id` = 2[0m
  [1m[35m (38.9ms)[0m  [1m[35mCOMMIT[0m
Completed 204 No Content in 132ms (ActiveRecord: 126.8ms)


Started PUT "/todos/3" for 127.0.0.1 at 2017-05-21 15:09:02 +0200
Processing by TodosController#update as */*
  Parameters: {"name"=>"maison", "user_id"=>"2", "id"=>"3"}
  [1m[36mTodo Load (38.8ms)[0m  [1m[34mSELECT  `todos`.* FROM `todos` WHERE `todos`.`id` = 3 LIMIT 1[0m
Unpermitted parameters: user_id, id
  [1m[35m (27.1ms)[0m  [1m[35mBEGIN[0m
  [1m[35m (34.0ms)[0m  [1m[35mCOMMIT[0m
Completed 200 OK in 118ms (ActiveRecord: 100.0ms)


Started GET "/todos/" for 127.0.0.1 at 2017-05-21 15:09:10 +0200
Processing by TodosController#index as */*
  [1m[36mTodo Load (32.3ms)[0m  [1m[34mSELECT `todos`.* FROM `todos`[0m
Completed 200 OK in 35ms (Views: 1.8ms | ActiveRecord: 32.3ms)


  [1m[35m (28.9ms)[0m  [1m[34mSELECT DATABASE() as db[0m
  [1m[35m (65.2ms)[0m  [1m[34mSELECT GET_LOCK('2095125595784924745', 0);[0m
  [1m[36mActiveRecord::SchemaMigration Load (30.1ms)[0m  [1m[34mSELECT `schema_migrations`.* FROM `schema_migrations`[0m
Migrating to RenamePassword (20170521133054)
  [1m[35m (53.6ms)[0m  [1m[35mALTER TABLE `users` CHANGE `password` `password_digest` varchar(255)[0m
  [1m[35m (31.3ms)[0m  [1m[35mBEGIN[0m
  [1m[35mSQL (28.5ms)[0m  [1m[32mINSERT INTO `schema_migrations` (`version`) VALUES ('20170521133054')[0m
  [1m[35m (32.7ms)[0m  [1m[35mCOMMIT[0m
  [1m[36mActiveRecord::InternalMetadata Load (30.6ms)[0m  [1m[34mSELECT  `ar_internal_metadata`.* FROM `ar_internal_metadata` WHERE `ar_internal_metadata`.`key` = 'environment' LIMIT 1[0m
  [1m[35m (36.4ms)[0m  [1m[35mBEGIN[0m
  [1m[35m (31.9ms)[0m  [1m[35mCOMMIT[0m
  [1m[35m (44.7ms)[0m  [1m[34mSELECT RELEASE_LOCK('2095125595784924745')[0m
  [1m[36mActiveRecord::SchemaMigration Load (30.5ms)[0m  [1m[34mSELECT `schema_migrations`.* FROM `schema_migrations`[0m
  [1m[35m (30.1ms)[0m  [1m[35mSHOW CREATE TABLE `items`[0m
  [1m[35m (34.2ms)[0m  [1m[35mSHOW TABLE STATUS LIKE 'items'[0m
  [1m[35m (30.0ms)[0m  [1m[35mSHOW CREATE TABLE `projects`[0m
  [1m[35m (32.5ms)[0m  [1m[35mSHOW TABLE STATUS LIKE 'projects'[0m
  [1m[35m (34.4ms)[0m  [1m[35mSHOW CREATE TABLE `todos`[0m
  [1m[35m (36.5ms)[0m  [1m[35mSHOW TABLE STATUS LIKE 'todos'[0m
  [1m[35m (29.9ms)[0m  [1m[35mSHOW CREATE TABLE `users`[0m
  [1m[35m (39.6ms)[0m  [1m[35mSHOW TABLE STATUS LIKE 'users'[0m
  [1m[36mActiveRecord::SchemaMigration Load (31.4ms)[0m  [1m[34mSELECT `schema_migrations`.* FROM `schema_migrations`[0m
  [1m[35m (29.8ms)[0m  [1m[34mSELECT `ar_internal_metadata`.`value` FROM `ar_internal_metadata` WHERE `ar_internal_metadata`.`key` = 'environment'[0m
  [1m[36mActiveRecord::SchemaMigration Load (32.5ms)[0m  [1m[34mSELECT `schema_migrations`.* FROM `schema_migrations`[0m
  [1m[35m (30.4ms)[0m  [1m[34mSELECT `ar_internal_metadata`.`value` FROM `ar_internal_metadata` WHERE `ar_internal_metadata`.`key` = 'environment'[0m
  [1m[36mActiveRecord::SchemaMigration Load (32.0ms)[0m  [1m[34mSELECT `schema_migrations`.* FROM `schema_migrations`[0m
  [1m[35m (36.9ms)[0m  [1m[34mSELECT `ar_internal_metadata`.`value` FROM `ar_internal_metadata` WHERE `ar_internal_metadata`.`key` = 'environment'[0m
  [1m[35m (92.1ms)[0m  [1m[35mDROP DATABASE IF EXISTS `EffectiveDo_test`[0m
  [1m[35m (36.9ms)[0m  [1m[35mCREATE DATABASE `EffectiveDo_test` DEFAULT CHARACTER SET `utf8`[0m
  [1m[35m (58.0ms)[0m  [1m[35mCREATE TABLE `items` (`id` int AUTO_INCREMENT PRIMARY KEY, `name` varchar(255), `done` tinyint(1), `urgency` int, `importance` int, `deadline` date, `est_time_completion` int, `time_to_completion` int, `project_id` int, `todo_id` int, `created_at` datetime NOT NULL, `updated_at` datetime NOT NULL,  INDEX `index_items_on_project_id` USING btree (`project_id`),  INDEX `index_items_on_todo_id` USING btree (`todo_id`)) ENGINE=InnoDB DEFAULT CHARSET=utf8[0m
  [1m[35m (50.9ms)[0m  [1m[35mCREATE TABLE `projects` (`id` int AUTO_INCREMENT PRIMARY KEY, `name` varchar(255), `user_id` int, `created_at` datetime NOT NULL, `updated_at` datetime NOT NULL,  INDEX `index_projects_on_user_id` USING btree (`user_id`)) ENGINE=InnoDB DEFAULT CHARSET=utf8[0m
  [1m[35m (56.3ms)[0m  [1m[35mCREATE TABLE `todos` (`id` int AUTO_INCREMENT PRIMARY KEY, `name` varchar(255), `user_id` int, `created_at` datetime NOT NULL, `updated_at` datetime NOT NULL,  INDEX `index_todos_on_user_id` USING btree (`user_id`)) ENGINE=InnoDB DEFAULT CHARSET=utf8[0m
  [1m[35m (57.2ms)[0m  [1m[35mCREATE TABLE `users` (`id` int AUTO_INCREMENT PRIMARY KEY, `email` varchar(255), `password_digest` varchar(255), `created_at` datetime NOT NULL, `updated_at` datetime NOT NULL) ENGINE=InnoDB DEFAULT CHARSET=utf8[0m
  [1m[35m (95.4ms)[0m  [1m[35mALTER TABLE `items` ADD CONSTRAINT `fk_rails_f6abf55b81`
FOREIGN KEY (`project_id`)
  REFERENCES `projects` (`id`)
[0m
  [1m[35m (74.8ms)[0m  [1m[35mALTER TABLE `items` ADD CONSTRAINT `fk_rails_c01e6b449d`
FOREIGN KEY (`todo_id`)
  REFERENCES `todos` (`id`)
[0m
  [1m[35m (75.9ms)[0m  [1m[35mALTER TABLE `projects` ADD CONSTRAINT `fk_rails_b872a6760a`
FOREIGN KEY (`user_id`)
  REFERENCES `users` (`id`)
[0m
  [1m[35m (78.4ms)[0m  [1m[35mALTER TABLE `todos` ADD CONSTRAINT `fk_rails_d94154aa95`
FOREIGN KEY (`user_id`)
  REFERENCES `users` (`id`)
[0m
  [1m[35m (56.7ms)[0m  [1m[35mCREATE TABLE `schema_migrations` (`version` varchar(255) PRIMARY KEY) ENGINE=InnoDB[0m
  [1m[35m (31.9ms)[0m  [1m[34mSELECT version FROM `schema_migrations`[0m
  [1m[35m (47.5ms)[0m  [1m[32mINSERT INTO `schema_migrations` (version) VALUES (20170521133054)[0m
  [1m[35m (35.9ms)[0m  [1m[32mINSERT INTO `schema_migrations` (version) VALUES
(20170515151039),
(20170515151238),
(20170515151308),
(20170515151509);

[0m
  [1m[35m (50.0ms)[0m  [1m[35mCREATE TABLE `ar_internal_metadata` (`key` varchar(255) PRIMARY KEY, `value` varchar(255), `created_at` datetime NOT NULL, `updated_at` datetime NOT NULL) ENGINE=InnoDB[0m
  [1m[36mActiveRecord::InternalMetadata Load (47.2ms)[0m  [1m[34mSELECT  `ar_internal_metadata`.* FROM `ar_internal_metadata` WHERE `ar_internal_metadata`.`key` = 'environment' LIMIT 1[0m
  [1m[35m (31.4ms)[0m  [1m[35mBEGIN[0m
  [1m[35mSQL (32.6ms)[0m  [1m[32mINSERT INTO `ar_internal_metadata` (`key`, `value`, `created_at`, `updated_at`) VALUES ('environment', 'development', '2017-05-21 13:32:56', '2017-05-21 13:32:56')[0m
  [1m[35m (35.3ms)[0m  [1m[35mCOMMIT[0m
  [1m[36mActiveRecord::InternalMetadata Load (34.7ms)[0m  [1m[34mSELECT  `ar_internal_metadata`.* FROM `ar_internal_metadata` WHERE `ar_internal_metadata`.`key` = 'environment' LIMIT 1[0m
  [1m[35m (28.0ms)[0m  [1m[35mBEGIN[0m
  [1m[35m (30.9ms)[0m  [1m[35mCOMMIT[0m
  [1m[35m (32.0ms)[0m  [1m[34mSELECT DATABASE() as db[0m
  [1m[35m (45.0ms)[0m  [1m[34mSELECT GET_LOCK('2095125595784924745', 0);[0m
  [1m[36mActiveRecord::SchemaMigration Load (28.9ms)[0m  [1m[34mSELECT `schema_migrations`.* FROM `schema_migrations`[0m
Migrating to AddNameToUsers (20170521133407)
  [1m[35m (63.9ms)[0m  [1m[35mALTER TABLE `users` ADD `name` varchar(255)[0m
  [1m[35m (29.4ms)[0m  [1m[35mBEGIN[0m
  [1m[35mSQL (31.7ms)[0m  [1m[32mINSERT INTO `schema_migrations` (`version`) VALUES ('20170521133407')[0m
  [1m[35m (41.7ms)[0m  [1m[35mCOMMIT[0m
  [1m[36mActiveRecord::InternalMetadata Load (37.0ms)[0m  [1m[34mSELECT  `ar_internal_metadata`.* FROM `ar_internal_metadata` WHERE `ar_internal_metadata`.`key` = 'environment' LIMIT 1[0m
  [1m[35m (30.7ms)[0m  [1m[35mBEGIN[0m
  [1m[35m (43.4ms)[0m  [1m[35mCOMMIT[0m
  [1m[35m (29.8ms)[0m  [1m[34mSELECT RELEASE_LOCK('2095125595784924745')[0m
  [1m[36mActiveRecord::SchemaMigration Load (39.0ms)[0m  [1m[34mSELECT `schema_migrations`.* FROM `schema_migrations`[0m
  [1m[35m (30.6ms)[0m  [1m[35mSHOW CREATE TABLE `items`[0m
  [1m[35m (31.2ms)[0m  [1m[35mSHOW TABLE STATUS LIKE 'items'[0m
  [1m[35m (33.2ms)[0m  [1m[35mSHOW CREATE TABLE `projects`[0m
  [1m[35m (30.7ms)[0m  [1m[35mSHOW TABLE STATUS LIKE 'projects'[0m
  [1m[35m (34.8ms)[0m  [1m[35mSHOW CREATE TABLE `todos`[0m
  [1m[35m (32.5ms)[0m  [1m[35mSHOW TABLE STATUS LIKE 'todos'[0m
  [1m[35m (33.6ms)[0m  [1m[35mSHOW CREATE TABLE `users`[0m
  [1m[35m (44.7ms)[0m  [1m[35mSHOW TABLE STATUS LIKE 'users'[0m
  [1m[35m (28.5ms)[0m  [1m[34mSELECT DATABASE() as db[0m
  [1m[35m (30.5ms)[0m  [1m[34mSELECT GET_LOCK('2095125595784924745', 0);[0m
  [1m[36mActiveRecord::SchemaMigration Load (32.5ms)[0m  [1m[34mSELECT `schema_migrations`.* FROM `schema_migrations`[0m
Migrating to AddCreatedByToTodos (20170521134432)
  [1m[35m (92.9ms)[0m  [1m[35mALTER TABLE `todos` ADD `created_by` varchar(255)[0m
  [1m[35m (29.1ms)[0m  [1m[35mBEGIN[0m
  [1m[35mSQL (38.5ms)[0m  [1m[32mINSERT INTO `schema_migrations` (`version`) VALUES ('20170521134432')[0m
  [1m[35m (31.4ms)[0m  [1m[35mCOMMIT[0m
  [1m[36mActiveRecord::InternalMetadata Load (31.0ms)[0m  [1m[34mSELECT  `ar_internal_metadata`.* FROM `ar_internal_metadata` WHERE `ar_internal_metadata`.`key` = 'environment' LIMIT 1[0m
  [1m[35m (31.4ms)[0m  [1m[35mBEGIN[0m
  [1m[35m (48.1ms)[0m  [1m[35mCOMMIT[0m
  [1m[35m (33.0ms)[0m  [1m[34mSELECT RELEASE_LOCK('2095125595784924745')[0m
  [1m[36mActiveRecord::SchemaMigration Load (35.1ms)[0m  [1m[34mSELECT `schema_migrations`.* FROM `schema_migrations`[0m
  [1m[35m (31.5ms)[0m  [1m[35mSHOW CREATE TABLE `items`[0m
  [1m[35m (32.9ms)[0m  [1m[35mSHOW TABLE STATUS LIKE 'items'[0m
  [1m[35m (30.0ms)[0m  [1m[35mSHOW CREATE TABLE `projects`[0m
  [1m[35m (35.8ms)[0m  [1m[35mSHOW TABLE STATUS LIKE 'projects'[0m
  [1m[35m (32.5ms)[0m  [1m[35mSHOW CREATE TABLE `todos`[0m
  [1m[35m (34.4ms)[0m  [1m[35mSHOW TABLE STATUS LIKE 'todos'[0m
  [1m[35m (29.8ms)[0m  [1m[35mSHOW CREATE TABLE `users`[0m
  [1m[35m (33.8ms)[0m  [1m[35mSHOW TABLE STATUS LIKE 'users'[0m
Started GET "/" for 127.0.0.1 at 2017-05-21 17:18:09 +0200
  [1m[36mActiveRecord::SchemaMigration Load (37.8ms)[0m  [1m[34mSELECT `schema_migrations`.* FROM `schema_migrations`[0m
Processing by Rails::WelcomeController#index as HTML
  Parameters: {"internal"=>true}
  Rendering /usr/local/opt/rbenv/versions/2.3.1/lib/ruby/gems/2.3.0/gems/railties-5.0.3/lib/rails/templates/rails/welcome/index.html.erb
  Rendered /usr/local/opt/rbenv/versions/2.3.1/lib/ruby/gems/2.3.0/gems/railties-5.0.3/lib/rails/templates/rails/welcome/index.html.erb (6.8ms)
Completed 200 OK in 25ms (Views: 15.2ms | ActiveRecord: 0.0ms)


Started GET "/" for 127.0.0.1 at 2017-05-21 17:18:09 +0200
Processing by Rails::WelcomeController#index as HTML
  Parameters: {"internal"=>true}
  Rendering /usr/local/opt/rbenv/versions/2.3.1/lib/ruby/gems/2.3.0/gems/railties-5.0.3/lib/rails/templates/rails/welcome/index.html.erb
  Rendered /usr/local/opt/rbenv/versions/2.3.1/lib/ruby/gems/2.3.0/gems/railties-5.0.3/lib/rails/templates/rails/welcome/index.html.erb (5.7ms)
Completed 200 OK in 20ms (Views: 11.6ms | ActiveRecord: 0.0ms)


Started POST "/signup" for 127.0.0.1 at 2017-05-26 14:47:19 +0200
  [1m[36mActiveRecord::SchemaMigration Load (10.4ms)[0m  [1m[34mSELECT `schema_migrations`.* FROM `schema_migrations`[0m
  
SyntaxError (/Users/RaB/Coding/EffectiveDo/app/controllers/concerns/exception_handler.rb:43: syntax error, unexpected keyword_end, expecting end-of-input):
  
app/controllers/concerns/exception_handler.rb:43: syntax error, unexpected keyword_end, expecting end-of-input
app/controllers/application_controller.rb:3:in `<class:ApplicationController>'
app/controllers/application_controller.rb:1:in `<top (required)>'
app/controllers/users_controller.rb:1:in `<top (required)>'
  Rendering /Users/RaB/.rvm/gems/ruby-2.3.3/gems/actionpack-5.0.3/lib/action_dispatch/middleware/templates/rescues/diagnostics.html.erb within rescues/layout
  Rendering /Users/RaB/.rvm/gems/ruby-2.3.3/gems/actionpack-5.0.3/lib/action_dispatch/middleware/templates/rescues/_source.html.erb
  Rendered /Users/RaB/.rvm/gems/ruby-2.3.3/gems/actionpack-5.0.3/lib/action_dispatch/middleware/templates/rescues/_source.html.erb (3.4ms)
  Rendering /Users/RaB/.rvm/gems/ruby-2.3.3/gems/actionpack-5.0.3/lib/action_dispatch/middleware/templates/rescues/_trace.html.erb
  Rendered /Users/RaB/.rvm/gems/ruby-2.3.3/gems/actionpack-5.0.3/lib/action_dispatch/middleware/templates/rescues/_trace.html.erb (2.2ms)
  Rendering /Users/RaB/.rvm/gems/ruby-2.3.3/gems/actionpack-5.0.3/lib/action_dispatch/middleware/templates/rescues/_request_and_response.html.erb
  Rendered /Users/RaB/.rvm/gems/ruby-2.3.3/gems/actionpack-5.0.3/lib/action_dispatch/middleware/templates/rescues/_request_and_response.html.erb (10.9ms)
  Rendered /Users/RaB/.rvm/gems/ruby-2.3.3/gems/actionpack-5.0.3/lib/action_dispatch/middleware/templates/rescues/diagnostics.html.erb within rescues/layout (79.3ms)
Started POST "/signup" for 127.0.0.1 at 2017-05-26 14:47:48 +0200
  
ActiveSupport::Concern::MultipleIncludedBlocks (Cannot define multiple 'included' blocks for a Concern):
  
app/controllers/concerns/exception_handler.rb:21:in `<module:ExceptionHandler>'
app/controllers/concerns/exception_handler.rb:1:in `<top (required)>'
app/controllers/application_controller.rb:3:in `<class:ApplicationController>'
app/controllers/application_controller.rb:1:in `<top (required)>'
app/controllers/users_controller.rb:1:in `<top (required)>'
  Rendering /Users/RaB/.rvm/gems/ruby-2.3.3/gems/actionpack-5.0.3/lib/action_dispatch/middleware/templates/rescues/diagnostics.html.erb within rescues/layout
  Rendering /Users/RaB/.rvm/gems/ruby-2.3.3/gems/actionpack-5.0.3/lib/action_dispatch/middleware/templates/rescues/_source.html.erb
  Rendered /Users/RaB/.rvm/gems/ruby-2.3.3/gems/actionpack-5.0.3/lib/action_dispatch/middleware/templates/rescues/_source.html.erb (4.2ms)
  Rendering /Users/RaB/.rvm/gems/ruby-2.3.3/gems/actionpack-5.0.3/lib/action_dispatch/middleware/templates/rescues/_trace.html.erb
  Rendered /Users/RaB/.rvm/gems/ruby-2.3.3/gems/actionpack-5.0.3/lib/action_dispatch/middleware/templates/rescues/_trace.html.erb (1.6ms)
  Rendering /Users/RaB/.rvm/gems/ruby-2.3.3/gems/actionpack-5.0.3/lib/action_dispatch/middleware/templates/rescues/_request_and_response.html.erb
  Rendered /Users/RaB/.rvm/gems/ruby-2.3.3/gems/actionpack-5.0.3/lib/action_dispatch/middleware/templates/rescues/_request_and_response.html.erb (1.2ms)
  Rendered /Users/RaB/.rvm/gems/ruby-2.3.3/gems/actionpack-5.0.3/lib/action_dispatch/middleware/templates/rescues/diagnostics.html.erb within rescues/layout (67.6ms)
Started POST "/signup" for 127.0.0.1 at 2017-05-26 14:48:25 +0200
Processing by UsersController#create as */*
  Parameters: {"name"=>"Rayed", "email"=>"rayed.benbrahim@gmail.com", "password"=>"[FILTERED]", "password_confirmation"=>"[FILTERED]"}
Completed 500 Internal Server Error in 43ms (ActiveRecord: 25.9ms)


  
ActiveModel::UnknownAttributeError (unknown attribute 'password' for User.):
  
app/controllers/users_controller.rb:6:in `create'
  Rendering /Users/RaB/.rvm/gems/ruby-2.3.3/gems/actionpack-5.0.3/lib/action_dispatch/middleware/templates/rescues/diagnostics.html.erb within rescues/layout
  Rendering /Users/RaB/.rvm/gems/ruby-2.3.3/gems/actionpack-5.0.3/lib/action_dispatch/middleware/templates/rescues/_source.html.erb
  Rendered /Users/RaB/.rvm/gems/ruby-2.3.3/gems/actionpack-5.0.3/lib/action_dispatch/middleware/templates/rescues/_source.html.erb (2.7ms)
  Rendering /Users/RaB/.rvm/gems/ruby-2.3.3/gems/actionpack-5.0.3/lib/action_dispatch/middleware/templates/rescues/_trace.html.erb
  Rendered /Users/RaB/.rvm/gems/ruby-2.3.3/gems/actionpack-5.0.3/lib/action_dispatch/middleware/templates/rescues/_trace.html.erb (1.6ms)
  Rendering /Users/RaB/.rvm/gems/ruby-2.3.3/gems/actionpack-5.0.3/lib/action_dispatch/middleware/templates/rescues/_request_and_response.html.erb
  Rendered /Users/RaB/.rvm/gems/ruby-2.3.3/gems/actionpack-5.0.3/lib/action_dispatch/middleware/templates/rescues/_request_and_response.html.erb (1.0ms)
  Rendered /Users/RaB/.rvm/gems/ruby-2.3.3/gems/actionpack-5.0.3/lib/action_dispatch/middleware/templates/rescues/diagnostics.html.erb within rescues/layout (59.5ms)
Started POST "/signup" for 127.0.0.1 at 2017-05-26 14:50:44 +0200
Processing by UsersController#create as */*
  Parameters: {"name"=>"Rayed", "email"=>"rayed.benbrahim@gmail.com", "password"=>"[FILTERED]", "password_confirmation"=>"[FILTERED]"}
Completed 500 Internal Server Error in 1ms (ActiveRecord: 0.0ms)


  
ActiveModel::UnknownAttributeError (unknown attribute 'password' for User.):
  
app/controllers/users_controller.rb:6:in `create'
  Rendering /Users/RaB/.rvm/gems/ruby-2.3.3/gems/actionpack-5.0.3/lib/action_dispatch/middleware/templates/rescues/diagnostics.html.erb within rescues/layout
  Rendering /Users/RaB/.rvm/gems/ruby-2.3.3/gems/actionpack-5.0.3/lib/action_dispatch/middleware/templates/rescues/_source.html.erb
  Rendered /Users/RaB/.rvm/gems/ruby-2.3.3/gems/actionpack-5.0.3/lib/action_dispatch/middleware/templates/rescues/_source.html.erb (2.9ms)
  Rendering /Users/RaB/.rvm/gems/ruby-2.3.3/gems/actionpack-5.0.3/lib/action_dispatch/middleware/templates/rescues/_trace.html.erb
  Rendered /Users/RaB/.rvm/gems/ruby-2.3.3/gems/actionpack-5.0.3/lib/action_dispatch/middleware/templates/rescues/_trace.html.erb (1.3ms)
  Rendering /Users/RaB/.rvm/gems/ruby-2.3.3/gems/actionpack-5.0.3/lib/action_dispatch/middleware/templates/rescues/_request_and_response.html.erb
  Rendered /Users/RaB/.rvm/gems/ruby-2.3.3/gems/actionpack-5.0.3/lib/action_dispatch/middleware/templates/rescues/_request_and_response.html.erb (0.9ms)
  Rendered /Users/RaB/.rvm/gems/ruby-2.3.3/gems/actionpack-5.0.3/lib/action_dispatch/middleware/templates/rescues/diagnostics.html.erb within rescues/layout (60.6ms)
Started POST "/signup" for 127.0.0.1 at 2017-05-26 15:05:32 +0200
Processing by UsersController#create as */*
  Parameters: {"name"=>"Rayed", "email"=>"rayed.benbrahim@gmail.com"}
  [1m[35m (8.1ms)[0m  [1m[35mBEGIN[0m
  [1m[35m (7.7ms)[0m  [1m[31mROLLBACK[0m
Completed 422 Unprocessable Entity in 63ms (Views: 2.8ms | ActiveRecord: 15.8ms)


Started POST "/signup" for 127.0.0.1 at 2017-05-26 15:05:37 +0200
Processing by UsersController#create as */*
  Parameters: {"name"=>"Rayed", "email"=>"rayed.benbrahim@gmail.com", "password"=>"[FILTERED]"}
Completed 500 Internal Server Error in 2ms (ActiveRecord: 0.0ms)


  
ActiveModel::UnknownAttributeError (unknown attribute 'password' for User.):
  
app/controllers/users_controller.rb:6:in `create'
  Rendering /Users/RaB/.rvm/gems/ruby-2.3.3/gems/actionpack-5.0.3/lib/action_dispatch/middleware/templates/rescues/diagnostics.html.erb within rescues/layout
  Rendering /Users/RaB/.rvm/gems/ruby-2.3.3/gems/actionpack-5.0.3/lib/action_dispatch/middleware/templates/rescues/_source.html.erb
  Rendered /Users/RaB/.rvm/gems/ruby-2.3.3/gems/actionpack-5.0.3/lib/action_dispatch/middleware/templates/rescues/_source.html.erb (3.7ms)
  Rendering /Users/RaB/.rvm/gems/ruby-2.3.3/gems/actionpack-5.0.3/lib/action_dispatch/middleware/templates/rescues/_trace.html.erb
  Rendered /Users/RaB/.rvm/gems/ruby-2.3.3/gems/actionpack-5.0.3/lib/action_dispatch/middleware/templates/rescues/_trace.html.erb (3.2ms)
  Rendering /Users/RaB/.rvm/gems/ruby-2.3.3/gems/actionpack-5.0.3/lib/action_dispatch/middleware/templates/rescues/_request_and_response.html.erb
  Rendered /Users/RaB/.rvm/gems/ruby-2.3.3/gems/actionpack-5.0.3/lib/action_dispatch/middleware/templates/rescues/_request_and_response.html.erb (1.3ms)
  Rendered /Users/RaB/.rvm/gems/ruby-2.3.3/gems/actionpack-5.0.3/lib/action_dispatch/middleware/templates/rescues/diagnostics.html.erb within rescues/layout (72.5ms)
Started POST "/signup" for 127.0.0.1 at 2017-05-26 15:06:27 +0200
Processing by UsersController#create as */*
  Parameters: {"name"=>"Rayed", "email"=>"rayed.benbrahim@gmail.com", "password"=>"[FILTERED]", "password_confirmation"=>"[FILTERED]"}
Completed 500 Internal Server Error in 38ms (ActiveRecord: 25.7ms)


  
ActiveModel::UnknownAttributeError (unknown attribute 'password' for User.):
  
app/controllers/users_controller.rb:6:in `create'
  Rendering /Users/RaB/.rvm/gems/ruby-2.3.3/gems/actionpack-5.0.3/lib/action_dispatch/middleware/templates/rescues/diagnostics.html.erb within rescues/layout
  Rendering /Users/RaB/.rvm/gems/ruby-2.3.3/gems/actionpack-5.0.3/lib/action_dispatch/middleware/templates/rescues/_source.html.erb
  Rendered /Users/RaB/.rvm/gems/ruby-2.3.3/gems/actionpack-5.0.3/lib/action_dispatch/middleware/templates/rescues/_source.html.erb (2.6ms)
  Rendering /Users/RaB/.rvm/gems/ruby-2.3.3/gems/actionpack-5.0.3/lib/action_dispatch/middleware/templates/rescues/_trace.html.erb
  Rendered /Users/RaB/.rvm/gems/ruby-2.3.3/gems/actionpack-5.0.3/lib/action_dispatch/middleware/templates/rescues/_trace.html.erb (1.4ms)
  Rendering /Users/RaB/.rvm/gems/ruby-2.3.3/gems/actionpack-5.0.3/lib/action_dispatch/middleware/templates/rescues/_request_and_response.html.erb
  Rendered /Users/RaB/.rvm/gems/ruby-2.3.3/gems/actionpack-5.0.3/lib/action_dispatch/middleware/templates/rescues/_request_and_response.html.erb (1.4ms)
  Rendered /Users/RaB/.rvm/gems/ruby-2.3.3/gems/actionpack-5.0.3/lib/action_dispatch/middleware/templates/rescues/diagnostics.html.erb within rescues/layout (59.8ms)
Started POST "/signup" for 127.0.0.1 at 2017-05-26 15:11:25 +0200
Processing by UsersController#create as */*
  Parameters: {"name"=>"Rayed", "email"=>"rayed.benbrahim@gmail.com", "password"=>"[FILTERED]", "password_confirmation"=>"[FILTERED]"}
  [1m[35m (9.0ms)[0m  [1m[35mBEGIN[0m
  [1m[35mSQL (8.8ms)[0m  [1m[32mINSERT INTO `users` (`email`, `password_digest`, `created_at`, `updated_at`, `name`) VALUES ('rayed.benbrahim@gmail.com', '$2a$10$1aNl//xL7v9h0/3wx5VVWuVDgkEX2FyOkI4n5OnSY/JsmRXgb1JOC', '2017-05-26 13:11:25', '2017-05-26 13:11:25', 'Rayed')[0m
  [1m[35m (12.2ms)[0m  [1m[35mCOMMIT[0m
  [1m[36mUser Load (8.5ms)[0m  [1m[34mSELECT  `users`.* FROM `users` WHERE `users`.`email` = 'rayed.benbrahim@gmail.com' LIMIT 1[0m
  [1m[36mCACHE (0.0ms)[0m  [1m[34mSELECT  `users`.* FROM `users` WHERE `users`.`email` = 'rayed.benbrahim@gmail.com' LIMIT 1[0m  [["email", "rayed.benbrahim@gmail.com"], ["LIMIT", 1]]
Completed 500 Internal Server Error in 264ms (ActiveRecord: 38.5ms)


  
NameError (uninitialized constant JsonWebToken::JWT):
  
app/lib/json_web_token.rb:9:in `encode'
app/auth/authenticate_user.rb:9:in `call'
app/controllers/users_controller.rb:7:in `create'
  Rendering /Users/RaB/.rvm/gems/ruby-2.3.3/gems/actionpack-5.0.3/lib/action_dispatch/middleware/templates/rescues/diagnostics.html.erb within rescues/layout
  Rendering /Users/RaB/.rvm/gems/ruby-2.3.3/gems/actionpack-5.0.3/lib/action_dispatch/middleware/templates/rescues/_source.html.erb
  Rendered /Users/RaB/.rvm/gems/ruby-2.3.3/gems/actionpack-5.0.3/lib/action_dispatch/middleware/templates/rescues/_source.html.erb (3.0ms)
  Rendering /Users/RaB/.rvm/gems/ruby-2.3.3/gems/actionpack-5.0.3/lib/action_dispatch/middleware/templates/rescues/_trace.html.erb
  Rendered /Users/RaB/.rvm/gems/ruby-2.3.3/gems/actionpack-5.0.3/lib/action_dispatch/middleware/templates/rescues/_trace.html.erb (1.4ms)
  Rendering /Users/RaB/.rvm/gems/ruby-2.3.3/gems/actionpack-5.0.3/lib/action_dispatch/middleware/templates/rescues/_request_and_response.html.erb
  Rendered /Users/RaB/.rvm/gems/ruby-2.3.3/gems/actionpack-5.0.3/lib/action_dispatch/middleware/templates/rescues/_request_and_response.html.erb (0.9ms)
  Rendered /Users/RaB/.rvm/gems/ruby-2.3.3/gems/actionpack-5.0.3/lib/action_dispatch/middleware/templates/rescues/diagnostics.html.erb within rescues/layout (60.9ms)
Started POST "/signup" for 127.0.0.1 at 2017-05-26 15:12:56 +0200
  [1m[36mActiveRecord::SchemaMigration Load (8.5ms)[0m  [1m[34mSELECT `schema_migrations`.* FROM `schema_migrations`[0m
Processing by UsersController#create as */*
  Parameters: {"name"=>"Rayed", "email"=>"rayed.benbrahim@gmail.com", "password"=>"[FILTERED]", "password_confirmation"=>"[FILTERED]"}
  [1m[35m (6.9ms)[0m  [1m[35mBEGIN[0m
  [1m[35mSQL (10.7ms)[0m  [1m[32mINSERT INTO `users` (`email`, `password_digest`, `created_at`, `updated_at`, `name`) VALUES ('rayed.benbrahim@gmail.com', '$2a$10$bYqOl3ZSDBfG2.0ElEzIy.kSB789lyywjOC5901cPpMJsh3XIL8da', '2017-05-26 13:12:57', '2017-05-26 13:12:57', 'Rayed')[0m
  [1m[35m (11.7ms)[0m  [1m[35mCOMMIT[0m
  [1m[36mUser Load (10.8ms)[0m  [1m[34mSELECT  `users`.* FROM `users` WHERE `users`.`email` = 'rayed.benbrahim@gmail.com' LIMIT 1[0m
  [1m[36mUser Load (8.3ms)[0m  [1m[34mSELECT  `users`.* FROM `users` WHERE `users`.`email` = 'rayed.benbrahim@gmail.com' LIMIT 1[0m
Completed 201 Created in 314ms (Views: 0.3ms | ActiveRecord: 75.8ms)


Started GET "/todos" for 127.0.0.1 at 2017-05-26 15:31:58 +0200
Processing by TodosController#index as */*
Completed 422 Unprocessable Entity in 3ms (Views: 0.3ms | ActiveRecord: 0.0ms)


Started GET "/todos" for 127.0.0.1 at 2017-05-26 15:32:09 +0200
Processing by TodosController#index as */*
Completed 500 Internal Server Error in 1ms (ActiveRecord: 0.0ms)


  
JWT::DecodeError (Not enough or too many segments):
  
app/lib/json_web_token.rb:14:in `decode'
app/auth/authorize_api_request.rb:32:in `decoded_auth_token'
app/auth/authorize_api_request.rb:20:in `user'
app/auth/authorize_api_request.rb:9:in `call'
app/controllers/application_controller.rb:12:in `authorize_request'
  Rendering /Users/RaB/.rvm/gems/ruby-2.3.3/gems/actionpack-5.0.3/lib/action_dispatch/middleware/templates/rescues/diagnostics.html.erb within rescues/layout
  Rendering /Users/RaB/.rvm/gems/ruby-2.3.3/gems/actionpack-5.0.3/lib/action_dispatch/middleware/templates/rescues/_source.html.erb
  Rendered /Users/RaB/.rvm/gems/ruby-2.3.3/gems/actionpack-5.0.3/lib/action_dispatch/middleware/templates/rescues/_source.html.erb (3.6ms)
  Rendering /Users/RaB/.rvm/gems/ruby-2.3.3/gems/actionpack-5.0.3/lib/action_dispatch/middleware/templates/rescues/_trace.html.erb
  Rendered /Users/RaB/.rvm/gems/ruby-2.3.3/gems/actionpack-5.0.3/lib/action_dispatch/middleware/templates/rescues/_trace.html.erb (2.2ms)
  Rendering /Users/RaB/.rvm/gems/ruby-2.3.3/gems/actionpack-5.0.3/lib/action_dispatch/middleware/templates/rescues/_request_and_response.html.erb
  Rendered /Users/RaB/.rvm/gems/ruby-2.3.3/gems/actionpack-5.0.3/lib/action_dispatch/middleware/templates/rescues/_request_and_response.html.erb (14.3ms)
  Rendered /Users/RaB/.rvm/gems/ruby-2.3.3/gems/actionpack-5.0.3/lib/action_dispatch/middleware/templates/rescues/diagnostics.html.erb within rescues/layout (83.6ms)
Started GET "/todos" for 127.0.0.1 at 2017-05-26 15:32:28 +0200
Processing by TodosController#index as */*
  [1m[36mUser Load (7.5ms)[0m  [1m[34mSELECT  `users`.* FROM `users` WHERE `users`.`id` = 1 LIMIT 1[0m
  [1m[36mTodo Load (8.3ms)[0m  [1m[34mSELECT `todos`.* FROM `todos` WHERE `todos`.`created_by` = '1'[0m
Completed 200 OK in 53ms (Views: 8.1ms | ActiveRecord: 25.3ms)


Started GET "/todos" for 127.0.0.1 at 2017-05-26 15:32:43 +0200
Processing by TodosController#index as */*
Completed 422 Unprocessable Entity in 1ms (Views: 0.2ms | ActiveRecord: 0.0ms)


Started POST "/auth/login" for 127.0.0.1 at 2017-05-26 17:18:12 +0200
  [1m[36mActiveRecord::SchemaMigration Load (7.4ms)[0m  [1m[34mSELECT `schema_migrations`.* FROM `schema_migrations`[0m
Processing by AuthenticationController#authenticate as */*
  [1m[36mUser Load (8.8ms)[0m  [1m[34mSELECT  `users`.* FROM `users` WHERE `users`.`email` IS NULL LIMIT 1[0m
Completed 401 Unauthorized in 38ms (Views: 0.3ms | ActiveRecord: 16.9ms)


Started POST "/auth/login" for 127.0.0.1 at 2017-05-26 17:19:39 +0200
Processing by AuthenticationController#authenticate as */*
  [1m[36mUser Load (9.0ms)[0m  [1m[34mSELECT  `users`.* FROM `users` WHERE `users`.`email` IS NULL LIMIT 1[0m
Completed 401 Unauthorized in 25ms (Views: 2.3ms | ActiveRecord: 9.0ms)


Started POST "/auth/login" for 127.0.0.1 at 2017-05-26 17:19:57 +0200
Processing by AuthenticationController#authenticate as */*
  [1m[36mUser Load (7.9ms)[0m  [1m[34mSELECT  `users`.* FROM `users` WHERE `users`.`email` IS NULL LIMIT 1[0m
Completed 401 Unauthorized in 12ms (Views: 0.6ms | ActiveRecord: 7.9ms)


Started POST "/auth/login" for 127.0.0.1 at 2017-05-26 17:20:04 +0200
Processing by AuthenticationController#authenticate as */*
  [1m[36mUser Load (10.1ms)[0m  [1m[34mSELECT  `users`.* FROM `users` WHERE `users`.`email` IS NULL LIMIT 1[0m
Completed 401 Unauthorized in 15ms (Views: 0.4ms | ActiveRecord: 10.1ms)


  [1m[36mUser Load (25.3ms)[0m  [1m[34mSELECT  `users`.* FROM `users` WHERE `users`.`emaile` = 'rayed.benbrahim@gmail.com' ORDER BY `users`.`id` ASC LIMIT 1[0m
  [1m[36mUser Load (14.6ms)[0m  [1m[34mSELECT  `users`.* FROM `users` WHERE `users`.`email` = 'rayed.benbrahim@gmail.com' ORDER BY `users`.`id` ASC LIMIT 1[0m
  [1m[36mUser Load (9.3ms)[0m  [1m[34mSELECT  `users`.* FROM `users` WHERE `users`.`email` = 'rayed.benbrah@gmail.com' ORDER BY `users`.`id` ASC LIMIT 1[0m
Started POST "/signup" for 127.0.0.1 at 2017-05-26 17:30:39 +0200
Processing by UsersController#create as */*
Completed 500 Internal Server Error in 22ms (ActiveRecord: 7.8ms)


  
NoMethodError (undefined method `user_exist' for Message:Class):
  
app/controllers/users_controller.rb:13:in `create'
  Rendering /Users/RaB/.rvm/gems/ruby-2.3.3/gems/actionpack-5.0.3/lib/action_dispatch/middleware/templates/rescues/diagnostics.html.erb within rescues/layout
  Rendering /Users/RaB/.rvm/gems/ruby-2.3.3/gems/actionpack-5.0.3/lib/action_dispatch/middleware/templates/rescues/_source.html.erb
  Rendered /Users/RaB/.rvm/gems/ruby-2.3.3/gems/actionpack-5.0.3/lib/action_dispatch/middleware/templates/rescues/_source.html.erb (17.9ms)
  Rendering /Users/RaB/.rvm/gems/ruby-2.3.3/gems/actionpack-5.0.3/lib/action_dispatch/middleware/templates/rescues/_trace.html.erb
  Rendered /Users/RaB/.rvm/gems/ruby-2.3.3/gems/actionpack-5.0.3/lib/action_dispatch/middleware/templates/rescues/_trace.html.erb (2.6ms)
  Rendering /Users/RaB/.rvm/gems/ruby-2.3.3/gems/actionpack-5.0.3/lib/action_dispatch/middleware/templates/rescues/_request_and_response.html.erb
  Rendered /Users/RaB/.rvm/gems/ruby-2.3.3/gems/actionpack-5.0.3/lib/action_dispatch/middleware/templates/rescues/_request_and_response.html.erb (0.8ms)
  Rendered /Users/RaB/.rvm/gems/ruby-2.3.3/gems/actionpack-5.0.3/lib/action_dispatch/middleware/templates/rescues/diagnostics.html.erb within rescues/layout (92.2ms)
Started POST "/signup" for 127.0.0.1 at 2017-05-26 17:30:47 +0200
Processing by UsersController#create as */*
No template found for UsersController#create, rendering head :no_content
Completed 204 No Content in 68ms (ActiveRecord: 0.0ms)


Started POST "/signup" for 127.0.0.1 at 2017-05-26 17:30:54 +0200
Processing by UsersController#create as */*
No template found for UsersController#create, rendering head :no_content
Completed 204 No Content in 64ms (ActiveRecord: 0.0ms)


Started POST "/signup" for 127.0.0.1 at 2017-05-26 17:31:13 +0200
  [1m[36mActiveRecord::SchemaMigration Load (7.5ms)[0m  [1m[34mSELECT `schema_migrations`.* FROM `schema_migrations`[0m
Processing by UsersController#create as */*
No template found for UsersController#create, rendering head :no_content
Completed 204 No Content in 96ms (ActiveRecord: 12.0ms)


Started POST "/signup" for 127.0.0.1 at 2017-05-26 17:31:47 +0200
  [1m[36mActiveRecord::SchemaMigration Load (8.0ms)[0m  [1m[34mSELECT `schema_migrations`.* FROM `schema_migrations`[0m
Processing by UsersController#create as */*
No template found for UsersController#create, rendering head :no_content
Completed 204 No Content in 88ms (ActiveRecord: 8.4ms)


Started POST "/signup" for 127.0.0.1 at 2017-05-26 17:33:56 +0200
  [1m[36mActiveRecord::SchemaMigration Load (7.8ms)[0m  [1m[34mSELECT `schema_migrations`.* FROM `schema_migrations`[0m
Processing by UsersController#create as */*
No template found for UsersController#create, rendering head :no_content
Completed 204 No Content in 88ms (ActiveRecord: 7.7ms)


Started POST "/signup" for 127.0.0.1 at 2017-05-26 17:34:17 +0200
Processing by UsersController#create as */*
No template found for UsersController#create, rendering head :no_content
Completed 204 No Content in 67ms (ActiveRecord: 0.0ms)


Started POST "/signup" for 127.0.0.1 at 2017-05-26 17:34:48 +0200
  
SyntaxError (/Users/RaB/Coding/EffectiveDo/app/controllers/users_controller.rb:27: syntax error, unexpected keyword_end, expecting end-of-input):
  
app/controllers/users_controller.rb:27: syntax error, unexpected keyword_end, expecting end-of-input
  Rendering /Users/RaB/.rvm/gems/ruby-2.3.3/gems/actionpack-5.0.3/lib/action_dispatch/middleware/templates/rescues/diagnostics.html.erb within rescues/layout
  Rendering /Users/RaB/.rvm/gems/ruby-2.3.3/gems/actionpack-5.0.3/lib/action_dispatch/middleware/templates/rescues/_source.html.erb
  Rendered /Users/RaB/.rvm/gems/ruby-2.3.3/gems/actionpack-5.0.3/lib/action_dispatch/middleware/templates/rescues/_source.html.erb (2.3ms)
  Rendering /Users/RaB/.rvm/gems/ruby-2.3.3/gems/actionpack-5.0.3/lib/action_dispatch/middleware/templates/rescues/_trace.html.erb
  Rendered /Users/RaB/.rvm/gems/ruby-2.3.3/gems/actionpack-5.0.3/lib/action_dispatch/middleware/templates/rescues/_trace.html.erb (1.6ms)
  Rendering /Users/RaB/.rvm/gems/ruby-2.3.3/gems/actionpack-5.0.3/lib/action_dispatch/middleware/templates/rescues/_request_and_response.html.erb
  Rendered /Users/RaB/.rvm/gems/ruby-2.3.3/gems/actionpack-5.0.3/lib/action_dispatch/middleware/templates/rescues/_request_and_response.html.erb (0.9ms)
  Rendered /Users/RaB/.rvm/gems/ruby-2.3.3/gems/actionpack-5.0.3/lib/action_dispatch/middleware/templates/rescues/diagnostics.html.erb within rescues/layout (73.9ms)
Started POST "/signup" for 127.0.0.1 at 2017-05-26 17:35:01 +0200
Processing by UsersController#create as */*
  [1m[35m (13.8ms)[0m  [1m[35mBEGIN[0m
  [1m[35m (7.8ms)[0m  [1m[31mROLLBACK[0m
Completed 422 Unprocessable Entity in 60ms (Views: 0.3ms | ActiveRecord: 38.2ms)


Started POST "/signup" for 127.0.0.1 at 2017-05-26 17:35:15 +0200
Processing by UsersController#create as */*
  [1m[35m (10.1ms)[0m  [1m[35mBEGIN[0m
  [1m[35m (10.3ms)[0m  [1m[31mROLLBACK[0m
Completed 422 Unprocessable Entity in 29ms (Views: 0.2ms | ActiveRecord: 20.4ms)


Started POST "/signup" for 127.0.0.1 at 2017-05-26 17:35:59 +0200
Processing by UsersController#create as */*
  [1m[35m (7.4ms)[0m  [1m[35mBEGIN[0m
  [1m[35m (8.4ms)[0m  [1m[31mROLLBACK[0m
Completed 422 Unprocessable Entity in 24ms (Views: 0.3ms | ActiveRecord: 15.9ms)


Started POST "/signup" for 127.0.0.1 at 2017-05-26 17:36:09 +0200
Processing by UsersController#create as */*
  [1m[35m (14.2ms)[0m  [1m[35mBEGIN[0m
  [1m[35m (7.7ms)[0m  [1m[31mROLLBACK[0m
Completed 422 Unprocessable Entity in 31ms (Views: 0.2ms | ActiveRecord: 21.9ms)


Started POST "/signup" for 127.0.0.1 at 2017-05-26 17:37:38 +0200
Processing by UsersController#create as */*
  [1m[35m (31.7ms)[0m  [1m[35mBEGIN[0m
  [1m[35m (32.8ms)[0m  [1m[31mROLLBACK[0m
Completed 422 Unprocessable Entity in 70ms (Views: 0.2ms | ActiveRecord: 64.5ms)


Started POST "/signup" for 127.0.0.1 at 2017-05-26 17:38:18 +0200
Processing by UsersController#create as */*
  Parameters: {"name"=>"Rayed", "email"=>"rayed@hotmail.fr", "password"=>"[FILTERED]", "password_confirmation"=>"[FILTERED]"}
  [1m[35m (22.5ms)[0m  [1m[35mBEGIN[0m
  [1m[35mSQL (21.6ms)[0m  [1m[32mINSERT INTO `users` (`email`, `password_digest`, `created_at`, `updated_at`, `name`) VALUES ('rayed@hotmail.fr', '$2a$10$zKkdngSL3vmtBxQuEZn0H.W0w7AD4BSPhlZi6zX0dKGWn5phrM3pu', '2017-05-26 15:38:18', '2017-05-26 15:38:18', 'Rayed')[0m
  [1m[35m (13.1ms)[0m  [1m[35mCOMMIT[0m
  [1m[36mUser Load (8.9ms)[0m  [1m[34mSELECT  `users`.* FROM `users` WHERE `users`.`email` = 'rayed@hotmail.fr' LIMIT 1[0m
  [1m[36mCACHE (0.0ms)[0m  [1m[34mSELECT  `users`.* FROM `users` WHERE `users`.`email` = 'rayed@hotmail.fr' LIMIT 1[0m  [["email", "rayed@hotmail.fr"], ["LIMIT", 1]]
Completed 201 Created in 283ms (Views: 0.2ms | ActiveRecord: 66.1ms)


Started POST "/signup" for 127.0.0.1 at 2017-05-26 17:39:42 +0200
Processing by UsersController#create as */*
  Parameters: {"name"=>"Rayed", "email"=>"rayed@hotmail.fr", "password"=>"[FILTERED]", "password_confirmation"=>"[FILTERED]"}
No template found for UsersController#create, rendering head :no_content
Completed 204 No Content in 76ms (ActiveRecord: 9.4ms)


Started POST "/signup" for 127.0.0.1 at 2017-05-26 17:39:58 +0200
Processing by UsersController#create as */*
  Parameters: {"name"=>"Rayed", "email"=>"rayed@hotmail.fr", "password"=>"[FILTERED]", "password_confirmation"=>"[FILTERED]"}
No template found for UsersController#create, rendering head :no_content
Completed 204 No Content in 69ms (ActiveRecord: 0.0ms)


Started POST "/signup" for 127.0.0.1 at 2017-05-26 17:40:21 +0200
  [1m[36mActiveRecord::SchemaMigration Load (7.1ms)[0m  [1m[34mSELECT `schema_migrations`.* FROM `schema_migrations`[0m
Processing by UsersController#create as */*
  Parameters: {"name"=>"Rayed", "email"=>"rayed@hotmail.fr", "password"=>"[FILTERED]", "password_confirmation"=>"[FILTERED]"}
No template found for UsersController#create, rendering head :no_content
Completed 204 No Content in 94ms (ActiveRecord: 11.7ms)


Started POST "/signup" for 127.0.0.1 at 2017-05-26 17:42:41 +0200
  [1m[36mActiveRecord::SchemaMigration Load (8.5ms)[0m  [1m[34mSELECT `schema_migrations`.* FROM `schema_migrations`[0m
Processing by UsersController#create as */*
  Parameters: {"name"=>"Rayed", "email"=>"rayed@hotmail.fr", "password"=>"[FILTERED]", "password_confirmation"=>"[FILTERED]"}
No template found for UsersController#create, rendering head :no_content
Completed 204 No Content in 89ms (ActiveRecord: 9.5ms)


Started POST "/signup" for 127.0.0.1 at 2017-05-26 17:43:44 +0200
  
SyntaxError (/Users/RaB/Coding/EffectiveDo/app/controllers/users_controller.rb:13: syntax error, unexpected '}', expecting =>
/Users/RaB/Coding/EffectiveDo/app/controllers/users_controller.rb:27: syntax error, unexpected end-of-input, expecting keyword_end):
  
app/controllers/users_controller.rb:13: syntax error, unexpected '}', expecting =>
app/controllers/users_controller.rb:27: syntax error, unexpected end-of-input, expecting keyword_end
  Rendering /Users/RaB/.rvm/gems/ruby-2.3.3/gems/actionpack-5.0.3/lib/action_dispatch/middleware/templates/rescues/diagnostics.html.erb within rescues/layout
  Rendering /Users/RaB/.rvm/gems/ruby-2.3.3/gems/actionpack-5.0.3/lib/action_dispatch/middleware/templates/rescues/_source.html.erb
  Rendered /Users/RaB/.rvm/gems/ruby-2.3.3/gems/actionpack-5.0.3/lib/action_dispatch/middleware/templates/rescues/_source.html.erb (3.6ms)
  Rendering /Users/RaB/.rvm/gems/ruby-2.3.3/gems/actionpack-5.0.3/lib/action_dispatch/middleware/templates/rescues/_trace.html.erb
  Rendered /Users/RaB/.rvm/gems/ruby-2.3.3/gems/actionpack-5.0.3/lib/action_dispatch/middleware/templates/rescues/_trace.html.erb (1.7ms)
  Rendering /Users/RaB/.rvm/gems/ruby-2.3.3/gems/actionpack-5.0.3/lib/action_dispatch/middleware/templates/rescues/_request_and_response.html.erb
  Rendered /Users/RaB/.rvm/gems/ruby-2.3.3/gems/actionpack-5.0.3/lib/action_dispatch/middleware/templates/rescues/_request_and_response.html.erb (1.4ms)
  Rendered /Users/RaB/.rvm/gems/ruby-2.3.3/gems/actionpack-5.0.3/lib/action_dispatch/middleware/templates/rescues/diagnostics.html.erb within rescues/layout (81.3ms)
Started POST "/signup" for 127.0.0.1 at 2017-05-26 17:46:17 +0200
  [1m[36mActiveRecord::SchemaMigration Load (8.0ms)[0m  [1m[34mSELECT `schema_migrations`.* FROM `schema_migrations`[0m
Processing by UsersController#create as */*
  Parameters: {"name"=>"Rayed", "email"=>"rayed@hotmail.fr", "password"=>"[FILTERED]", "password_confirmation"=>"[FILTERED]"}
Completed 500 Internal Server Error in 43ms (ActiveRecord: 9.0ms)


  
ArgumentError (wrong number of arguments (given 0, expected 1..2)):
  
app/controllers/concerns/response.rb:2:in `json_response'
app/controllers/users_controller.rb:14:in `create'
  Rendering /Users/RaB/.rvm/gems/ruby-2.3.3/gems/actionpack-5.0.3/lib/action_dispatch/middleware/templates/rescues/diagnostics.html.erb within rescues/layout
  Rendering /Users/RaB/.rvm/gems/ruby-2.3.3/gems/actionpack-5.0.3/lib/action_dispatch/middleware/templates/rescues/_source.html.erb
  Rendered /Users/RaB/.rvm/gems/ruby-2.3.3/gems/actionpack-5.0.3/lib/action_dispatch/middleware/templates/rescues/_source.html.erb (4.4ms)
  Rendering /Users/RaB/.rvm/gems/ruby-2.3.3/gems/actionpack-5.0.3/lib/action_dispatch/middleware/templates/rescues/_trace.html.erb
  Rendered /Users/RaB/.rvm/gems/ruby-2.3.3/gems/actionpack-5.0.3/lib/action_dispatch/middleware/templates/rescues/_trace.html.erb (2.1ms)
  Rendering /Users/RaB/.rvm/gems/ruby-2.3.3/gems/actionpack-5.0.3/lib/action_dispatch/middleware/templates/rescues/_request_and_response.html.erb
  Rendered /Users/RaB/.rvm/gems/ruby-2.3.3/gems/actionpack-5.0.3/lib/action_dispatch/middleware/templates/rescues/_request_and_response.html.erb (2.1ms)
  Rendered /Users/RaB/.rvm/gems/ruby-2.3.3/gems/actionpack-5.0.3/lib/action_dispatch/middleware/templates/rescues/diagnostics.html.erb within rescues/layout (79.3ms)
Started POST "/signup" for 127.0.0.1 at 2017-05-26 17:50:21 +0200
  [1m[36mActiveRecord::SchemaMigration Load (7.8ms)[0m  [1m[34mSELECT `schema_migrations`.* FROM `schema_migrations`[0m
Processing by UsersController#create as */*
  Parameters: {"name"=>"Rayed", "email"=>"rayed@hotmail.fr", "password"=>"[FILTERED]", "password_confirmation"=>"[FILTERED]"}
Completed 409 Conflict in 23ms (Views: 0.3ms | ActiveRecord: 8.2ms)


Started POST "/auth/login" for 127.0.0.1 at 2017-05-26 17:59:26 +0200
Processing by AuthenticationController#authenticate as */*
  Parameters: {"email"=>"rayed@hotmail.fr", "password"=>"[FILTERED]"}
  [1m[36mUser Load (10.3ms)[0m  [1m[34mSELECT  `users`.* FROM `users` WHERE `users`.`email` = 'rayed@hotmail.fr' LIMIT 1[0m
  [1m[36mCACHE (0.0ms)[0m  [1m[34mSELECT  `users`.* FROM `users` WHERE `users`.`email` = 'rayed@hotmail.fr' LIMIT 1[0m  [["email", "rayed@hotmail.fr"], ["LIMIT", 1]]
Completed 200 OK in 224ms (Views: 0.9ms | ActiveRecord: 36.9ms)


Started GET "/auth/login" for 127.0.0.1 at 2017-05-26 17:59:48 +0200
  
ActionController::RoutingError (No route matches [GET] "/auth/login"):
  
actionpack (5.0.3) lib/action_dispatch/middleware/debug_exceptions.rb:53:in `call'
web-console (3.5.1) lib/web_console/middleware.rb:135:in `call_app'
web-console (3.5.1) lib/web_console/middleware.rb:28:in `block in call'
web-console (3.5.1) lib/web_console/middleware.rb:18:in `catch'
web-console (3.5.1) lib/web_console/middleware.rb:18:in `call'
actionpack (5.0.3) lib/action_dispatch/middleware/show_exceptions.rb:31:in `call'
railties (5.0.3) lib/rails/rack/logger.rb:36:in `call_app'
railties (5.0.3) lib/rails/rack/logger.rb:24:in `block in call'
activesupport (5.0.3) lib/active_support/tagged_logging.rb:69:in `block in tagged'
activesupport (5.0.3) lib/active_support/tagged_logging.rb:26:in `tagged'
activesupport (5.0.3) lib/active_support/tagged_logging.rb:69:in `tagged'
railties (5.0.3) lib/rails/rack/logger.rb:24:in `call'
sprockets-rails (3.2.0) lib/sprockets/rails/quiet_assets.rb:13:in `call'
actionpack (5.0.3) lib/action_dispatch/middleware/request_id.rb:24:in `call'
rack (2.0.2) lib/rack/method_override.rb:22:in `call'
rack (2.0.2) lib/rack/runtime.rb:22:in `call'
activesupport (5.0.3) lib/active_support/cache/strategy/local_cache_middleware.rb:28:in `call'
actionpack (5.0.3) lib/action_dispatch/middleware/executor.rb:12:in `call'
actionpack (5.0.3) lib/action_dispatch/middleware/static.rb:136:in `call'
rack (2.0.2) lib/rack/sendfile.rb:111:in `call'
railties (5.0.3) lib/rails/engine.rb:522:in `call'
puma (3.8.2) lib/puma/configuration.rb:224:in `call'
puma (3.8.2) lib/puma/server.rb:600:in `handle_request'
puma (3.8.2) lib/puma/server.rb:435:in `process_client'
puma (3.8.2) lib/puma/server.rb:299:in `block in run'
puma (3.8.2) lib/puma/thread_pool.rb:120:in `block in spawn_thread'
  Rendering /Users/RaB/.rvm/gems/ruby-2.3.3/gems/actionpack-5.0.3/lib/action_dispatch/middleware/templates/rescues/routing_error.html.erb within rescues/layout
  Rendering /Users/RaB/.rvm/gems/ruby-2.3.3/gems/actionpack-5.0.3/lib/action_dispatch/middleware/templates/rescues/_trace.html.erb
  Rendered /Users/RaB/.rvm/gems/ruby-2.3.3/gems/actionpack-5.0.3/lib/action_dispatch/middleware/templates/rescues/_trace.html.erb (3.6ms)
  Rendered collection of /Users/RaB/.rvm/gems/ruby-2.3.3/gems/actionpack-5.0.3/lib/action_dispatch/middleware/templates/routes/_route.html.erb [18 times] (15.5ms)
  Rendered /Users/RaB/.rvm/gems/ruby-2.3.3/gems/actionpack-5.0.3/lib/action_dispatch/middleware/templates/routes/_table.html.erb (14.1ms)
  Rendering /Users/RaB/.rvm/gems/ruby-2.3.3/gems/actionpack-5.0.3/lib/action_dispatch/middleware/templates/rescues/_request_and_response.html.erb
  Rendered /Users/RaB/.rvm/gems/ruby-2.3.3/gems/actionpack-5.0.3/lib/action_dispatch/middleware/templates/rescues/_request_and_response.html.erb (1.6ms)
  Rendered /Users/RaB/.rvm/gems/ruby-2.3.3/gems/actionpack-5.0.3/lib/action_dispatch/middleware/templates/rescues/routing_error.html.erb within rescues/layout (127.8ms)
Started GET "/todos" for 127.0.0.1 at 2017-05-26 18:00:01 +0200
Processing by TodosController#index as */*
Completed 422 Unprocessable Entity in 3ms (Views: 0.2ms | ActiveRecord: 0.0ms)


Started GET "/todos" for 127.0.0.1 at 2017-05-26 18:00:25 +0200
Processing by TodosController#index as */*
Completed 422 Unprocessable Entity in 1ms (Views: 0.1ms | ActiveRecord: 0.0ms)


Started GET "/todos" for 127.0.0.1 at 2017-05-26 18:00:31 +0200
Processing by TodosController#index as */*
Completed 422 Unprocessable Entity in 1ms (Views: 0.1ms | ActiveRecord: 0.0ms)


Started GET "/todos" for 127.0.0.1 at 2017-05-26 18:00:50 +0200
Processing by TodosController#index as */*
  [1m[36mUser Load (9.4ms)[0m  [1m[34mSELECT  `users`.* FROM `users` WHERE `users`.`id` = 3 LIMIT 1[0m
  [1m[36mTodo Load (7.3ms)[0m  [1m[34mSELECT `todos`.* FROM `todos` WHERE `todos`.`created_by` = '3'[0m
Completed 200 OK in 51ms (Views: 8.5ms | ActiveRecord: 24.8ms)


Started POST "/todos" for 127.0.0.1 at 2017-05-26 18:01:36 +0200
Processing by TodosController#create as */*
  Parameters: {"name"=>"dev perso"}
  [1m[36mUser Load (7.8ms)[0m  [1m[34mSELECT  `users`.* FROM `users` WHERE `users`.`id` = 3 LIMIT 1[0m
  [1m[35m (8.5ms)[0m  [1m[35mBEGIN[0m
  [1m[35mSQL (7.1ms)[0m  [1m[32mINSERT INTO `todos` (`name`, `created_at`, `updated_at`, `created_by`) VALUES ('dev perso', '2017-05-26 16:01:36', '2017-05-26 16:01:36', '3')[0m
  [1m[35m (11.2ms)[0m  [1m[35mCOMMIT[0m
Completed 201 Created in 64ms (Views: 0.7ms | ActiveRecord: 50.3ms)


Started POST "/todos" for 127.0.0.1 at 2017-05-26 18:01:50 +0200
Processing by TodosController#create as */*
  Parameters: {"name"=>"Travail"}
  [1m[36mUser Load (8.4ms)[0m  [1m[34mSELECT  `users`.* FROM `users` WHERE `users`.`id` = 3 LIMIT 1[0m
  [1m[35m (7.9ms)[0m  [1m[35mBEGIN[0m
  [1m[35mSQL (7.6ms)[0m  [1m[32mINSERT INTO `todos` (`name`, `created_at`, `updated_at`, `created_by`) VALUES ('Travail', '2017-05-26 16:01:50', '2017-05-26 16:01:50', '3')[0m
  [1m[35m (11.7ms)[0m  [1m[35mCOMMIT[0m
Completed 201 Created in 42ms (Views: 1.0ms | ActiveRecord: 35.5ms)


Started GET "/todos" for 127.0.0.1 at 2017-05-26 18:01:54 +0200
Processing by TodosController#index as */*
  [1m[36mUser Load (9.9ms)[0m  [1m[34mSELECT  `users`.* FROM `users` WHERE `users`.`id` = 3 LIMIT 1[0m
  [1m[36mTodo Load (7.2ms)[0m  [1m[34mSELECT `todos`.* FROM `todos` WHERE `todos`.`created_by` = '3'[0m
Completed 200 OK in 23ms (Views: 3.5ms | ActiveRecord: 17.1ms)


Started GET "/todos/4/items" for 127.0.0.1 at 2017-05-26 18:02:45 +0200
Processing by ItemsController#index as */*
  Parameters: {"todo_id"=>"4"}
  [1m[36mUser Load (7.4ms)[0m  [1m[34mSELECT  `users`.* FROM `users` WHERE `users`.`id` = 3 LIMIT 1[0m
  [1m[36mTodo Load (8.2ms)[0m  [1m[34mSELECT  `todos`.* FROM `todos` WHERE `todos`.`id` = 4 LIMIT 1[0m
  [1m[36mItem Load (8.5ms)[0m  [1m[34mSELECT `items`.* FROM `items` WHERE `items`.`todo_id` = 4[0m
Completed 200 OK in 64ms (Views: 18.8ms | ActiveRecord: 32.8ms)


Started GET "/todos/4/items/new" for 127.0.0.1 at 2017-05-26 18:03:01 +0200
  
AbstractController::ActionNotFound (The action 'new' could not be found for ItemsController):
  
actionpack (5.0.3) lib/abstract_controller/base.rb:121:in `process'
actionview (5.0.3) lib/action_view/rendering.rb:30:in `process'
actionpack (5.0.3) lib/action_controller/metal.rb:190:in `dispatch'
actionpack (5.0.3) lib/action_controller/metal.rb:262:in `dispatch'
actionpack (5.0.3) lib/action_dispatch/routing/route_set.rb:50:in `dispatch'
actionpack (5.0.3) lib/action_dispatch/routing/route_set.rb:32:in `serve'
actionpack (5.0.3) lib/action_dispatch/journey/router.rb:39:in `block in serve'
actionpack (5.0.3) lib/action_dispatch/journey/router.rb:26:in `each'
actionpack (5.0.3) lib/action_dispatch/journey/router.rb:26:in `serve'
actionpack (5.0.3) lib/action_dispatch/routing/route_set.rb:725:in `call'
rack (2.0.2) lib/rack/etag.rb:25:in `call'
rack (2.0.2) lib/rack/conditional_get.rb:25:in `call'
rack (2.0.2) lib/rack/head.rb:12:in `call'
rack (2.0.2) lib/rack/session/abstract/id.rb:232:in `context'
rack (2.0.2) lib/rack/session/abstract/id.rb:226:in `call'
actionpack (5.0.3) lib/action_dispatch/middleware/cookies.rb:613:in `call'
activerecord (5.0.3) lib/active_record/migration.rb:553:in `call'
actionpack (5.0.3) lib/action_dispatch/middleware/callbacks.rb:38:in `block in call'
activesupport (5.0.3) lib/active_support/callbacks.rb:97:in `__run_callbacks__'
activesupport (5.0.3) lib/active_support/callbacks.rb:750:in `_run_call_callbacks'
activesupport (5.0.3) lib/active_support/callbacks.rb:90:in `run_callbacks'
actionpack (5.0.3) lib/action_dispatch/middleware/callbacks.rb:36:in `call'
actionpack (5.0.3) lib/action_dispatch/middleware/executor.rb:12:in `call'
actionpack (5.0.3) lib/action_dispatch/middleware/remote_ip.rb:79:in `call'
actionpack (5.0.3) lib/action_dispatch/middleware/debug_exceptions.rb:49:in `call'
web-console (3.5.1) lib/web_console/middleware.rb:135:in `call_app'
web-console (3.5.1) lib/web_console/middleware.rb:28:in `block in call'
web-console (3.5.1) lib/web_console/middleware.rb:18:in `catch'
web-console (3.5.1) lib/web_console/middleware.rb:18:in `call'
actionpack (5.0.3) lib/action_dispatch/middleware/show_exceptions.rb:31:in `call'
railties (5.0.3) lib/rails/rack/logger.rb:36:in `call_app'
railties (5.0.3) lib/rails/rack/logger.rb:24:in `block in call'
activesupport (5.0.3) lib/active_support/tagged_logging.rb:69:in `block in tagged'
activesupport (5.0.3) lib/active_support/tagged_logging.rb:26:in `tagged'
activesupport (5.0.3) lib/active_support/tagged_logging.rb:69:in `tagged'
railties (5.0.3) lib/rails/rack/logger.rb:24:in `call'
sprockets-rails (3.2.0) lib/sprockets/rails/quiet_assets.rb:13:in `call'
actionpack (5.0.3) lib/action_dispatch/middleware/request_id.rb:24:in `call'
rack (2.0.2) lib/rack/method_override.rb:22:in `call'
rack (2.0.2) lib/rack/runtime.rb:22:in `call'
activesupport (5.0.3) lib/active_support/cache/strategy/local_cache_middleware.rb:28:in `call'
actionpack (5.0.3) lib/action_dispatch/middleware/executor.rb:12:in `call'
actionpack (5.0.3) lib/action_dispatch/middleware/static.rb:136:in `call'
rack (2.0.2) lib/rack/sendfile.rb:111:in `call'
railties (5.0.3) lib/rails/engine.rb:522:in `call'
puma (3.8.2) lib/puma/configuration.rb:224:in `call'
puma (3.8.2) lib/puma/server.rb:600:in `handle_request'
puma (3.8.2) lib/puma/server.rb:435:in `process_client'
puma (3.8.2) lib/puma/server.rb:299:in `block in run'
puma (3.8.2) lib/puma/thread_pool.rb:120:in `block in spawn_thread'
  Rendering /Users/RaB/.rvm/gems/ruby-2.3.3/gems/actionpack-5.0.3/lib/action_dispatch/middleware/templates/rescues/unknown_action.html.erb within rescues/layout
  Rendered /Users/RaB/.rvm/gems/ruby-2.3.3/gems/actionpack-5.0.3/lib/action_dispatch/middleware/templates/rescues/unknown_action.html.erb within rescues/layout (0.5ms)
Started GET "/todos/4/items/new" for 127.0.0.1 at 2017-05-26 18:08:48 +0200
Processing by ItemsController#new as */*
  Parameters: {"todo_id"=>"4"}
  [1m[36mUser Load (7.3ms)[0m  [1m[34mSELECT  `users`.* FROM `users` WHERE `users`.`id` = 3 LIMIT 1[0m
  [1m[36mTodo Load (7.0ms)[0m  [1m[34mSELECT  `todos`.* FROM `todos` WHERE `todos`.`id` = 4 LIMIT 1[0m
Unpermitted parameter: todo_id
  [1m[35m (7.0ms)[0m  [1m[35mBEGIN[0m
  [1m[35m (6.9ms)[0m  [1m[31mROLLBACK[0m
Completed 422 Unprocessable Entity in 120ms (Views: 0.5ms | ActiveRecord: 61.5ms)


Started POST "/todos/4/items" for 127.0.0.1 at 2017-05-26 18:09:27 +0200
Processing by ItemsController#create as */*
  Parameters: {"name"=>"Travail", "todo_id"=>"4"}
  [1m[36mUser Load (7.8ms)[0m  [1m[34mSELECT  `users`.* FROM `users` WHERE `users`.`id` = 3 LIMIT 1[0m
  [1m[36mTodo Load (6.9ms)[0m  [1m[34mSELECT  `todos`.* FROM `todos` WHERE `todos`.`id` = 4 LIMIT 1[0m
Unpermitted parameter: todo_id
  [1m[35m (7.1ms)[0m  [1m[35mBEGIN[0m
  [1m[35m (7.7ms)[0m  [1m[31mROLLBACK[0m
Completed 422 Unprocessable Entity in 79ms (Views: 0.3ms | ActiveRecord: 29.5ms)


Started POST "/todos/4/items" for 127.0.0.1 at 2017-05-26 18:10:38 +0200
Processing by ItemsController#create as */*
  Parameters: {"name"=>"Finir slide ekimeetups", "done"=>"false", "urgency"=>"5", "importance"=>"2", "est_time_completion"=>"60", "todo_id"=>"4"}
  [1m[36mUser Load (8.2ms)[0m  [1m[34mSELECT  `users`.* FROM `users` WHERE `users`.`id` = 3 LIMIT 1[0m
  [1m[36mTodo Load (8.0ms)[0m  [1m[34mSELECT  `todos`.* FROM `todos` WHERE `todos`.`id` = 4 LIMIT 1[0m
Unpermitted parameter: todo_id
  [1m[35m (7.7ms)[0m  [1m[35mBEGIN[0m
  [1m[35m (7.5ms)[0m  [1m[31mROLLBACK[0m
Completed 422 Unprocessable Entity in 39ms (Views: 0.2ms | ActiveRecord: 31.4ms)


Started POST "/todos/4/items" for 127.0.0.1 at 2017-05-26 18:11:26 +0200
Processing by ItemsController#create as */*
  Parameters: {"name"=>"Finir slide ekimeetups", "done"=>"false", "urgency"=>"5", "importance"=>"2", "est_time_completion"=>"60", "project"=>"2", "todo_id"=>"4"}
  [1m[36mUser Load (8.5ms)[0m  [1m[34mSELECT  `users`.* FROM `users` WHERE `users`.`id` = 3 LIMIT 1[0m
  [1m[36mTodo Load (9.3ms)[0m  [1m[34mSELECT  `todos`.* FROM `todos` WHERE `todos`.`id` = 4 LIMIT 1[0m
Unpermitted parameter: todo_id
  [1m[35m (6.9ms)[0m  [1m[35mBEGIN[0m
  [1m[35m (7.9ms)[0m  [1m[31mROLLBACK[0m
Completed 500 Internal Server Error in 38ms (ActiveRecord: 32.6ms)


  
ActiveRecord::AssociationTypeMismatch (Project(#70359635497960) expected, got String(#70359605223520)):
  
app/controllers/items_controller.rb:17:in `create'
  Rendering /Users/RaB/.rvm/gems/ruby-2.3.3/gems/actionpack-5.0.3/lib/action_dispatch/middleware/templates/rescues/diagnostics.html.erb within rescues/layout
  Rendering /Users/RaB/.rvm/gems/ruby-2.3.3/gems/actionpack-5.0.3/lib/action_dispatch/middleware/templates/rescues/_source.html.erb
  Rendered /Users/RaB/.rvm/gems/ruby-2.3.3/gems/actionpack-5.0.3/lib/action_dispatch/middleware/templates/rescues/_source.html.erb (3.5ms)
  Rendering /Users/RaB/.rvm/gems/ruby-2.3.3/gems/actionpack-5.0.3/lib/action_dispatch/middleware/templates/rescues/_trace.html.erb
  Rendered /Users/RaB/.rvm/gems/ruby-2.3.3/gems/actionpack-5.0.3/lib/action_dispatch/middleware/templates/rescues/_trace.html.erb (1.7ms)
  Rendering /Users/RaB/.rvm/gems/ruby-2.3.3/gems/actionpack-5.0.3/lib/action_dispatch/middleware/templates/rescues/_request_and_response.html.erb
  Rendered /Users/RaB/.rvm/gems/ruby-2.3.3/gems/actionpack-5.0.3/lib/action_dispatch/middleware/templates/rescues/_request_and_response.html.erb (1.2ms)
  Rendered /Users/RaB/.rvm/gems/ruby-2.3.3/gems/actionpack-5.0.3/lib/action_dispatch/middleware/templates/rescues/diagnostics.html.erb within rescues/layout (64.4ms)
